Yasutsuna (36):
      Start
      Test File
      Remove Test File
      Added Java Project
      A.1 Objects
      Merge branch 'master' of https://github.com/Yasutsuna/CAB302-Ass2-GroupXX
      Continuation of Trucks and Stores
      Reverted Truck
      CSVReader
      Reverted Test
      Back-End Update
      Stock + Store
      Store
      Store update
      Abstract Class Truck and subclass
      Truck update
      Truck + Refrigerated Truck update
      Exception
      Truck Update
      Exceptions
      JavaDoc
      GUI Exception Update
      JavaDoc update
      Reports and Manual Test Case
      Exception Files
      HTML for Javadoc
      Update for JavaDoc
      Test files for manual test cases
      JUnit test files
      Delete unused files
      Exception inlclusion
      Report update
      Exception inclusion (Missed during initial update)
      Stock and Manifest Test Case
      Manifest update for Report and Test Cases
      JavaDoc update

jeffrey0528 (29):
      testing
      GUI Design
      Updated GUI and parsing the csv data into java
      Merge branch 'master' of https://github.com/Yasutsuna/CAB302-Ass2-GroupXX
      Update the GUI display function
      OOP concept coding update
      reading the csv file correction
      create Sales log selection in GUI
      Sales action created
      update
      Store function update
      Stock class create
      saleslog box pass value update
      stock update(almost done)
      force updated
      Changing tabular format to display Store Inventory
      Stock calculation update
      Bug Fixed
      truck initialized
      comment added & cleaning up
      Truck Rewrite the structure
      Cleaning up unuse stuff
      Tabular's quantity data fixed
      Truck function Update
      Merge branch 'master' of https://github.com/Yasutsuna/CAB302-Ass2-GroupXX
      truck calculation updated
      adjust something of truck
      Junit test
      export function update

* 5108cd7 JavaDoc update
* d4b9edc Manifest update for Report and Test Cases
* a2e3d8f export function update
* ccee8c6 Junit test
* ae7abbd Stock and Manifest Test Case
* 65a1d5f Exception inclusion (Missed during initial update)
* f2c9805 Report update
* 165dcca Exception inlclusion
* 687467b Delete unused files
* f46bf5c JUnit test files
* 6248d98 Test files for manual test cases
* 8f8d2c7 Update for JavaDoc
* 0dc310c HTML for Javadoc
* 8e7392d Exception Files
* 9c8c2d9 Reports and Manual Test Case
* 72073dc JavaDoc update
* 781a944 GUI Exception Update
* b2c321b adjust something of truck
* 3478332 truck calculation updated
*   f5b1184 Merge branch 'master' of https://github.com/Yasutsuna/CAB302-Ass2-GroupXX
|\  
| * 52ab718 JavaDoc
* | 72d9fdc Truck function Update
|/  
* 94b2d29 Tabular's quantity data fixed
* ae272bb Exceptions
* d20bb62 Cleaning up unuse stuff
* 7e03e28 Truck Rewrite the structure
* 3713b9c comment added & cleaning up
* e828cc4 Truck Update
* befb3de Exception
* 22ae41f Truck + Refrigerated Truck update
* 2ec2e89 truck initialized
* 553317f Bug Fixed
* 57be760 Stock calculation update
* 0dc1e6c Changing tabular format to display Store Inventory
* 45c0fc8 Truck update
* 7e6e373 force updated
* bb2a9b6 stock update(almost done)
* 6a6fe95 saleslog box pass value update
* 73fb8cc Abstract Class Truck and subclass
* 35b321b Stock class create
* c57c0e6 Store function update
* 1059248 update
* 9f3c9a2 Store update
* a2aa555 Store
* ce20248 Sales action created
* c3577dc Stock + Store
* a3188e5 Back-End Update
* cd61a87 create Sales log selection in GUI
* 840c61c reading the csv file correction
* 60ca0ca OOP concept coding update
* a36696f Update the GUI display function
*   2dd0143 Merge branch 'master' of https://github.com/Yasutsuna/CAB302-Ass2-GroupXX
|\  
| * 5f6a94c Reverted Test
| * 15ce5b0 CSVReader
| * 9095cdf Reverted Truck
| * 34c41af Continuation of Trucks and Stores
* | 79e6730 Updated GUI and parsing the csv data into java
|/  
*   ae090b3 Merge branch 'master' of https://github.com/Yasutsuna/CAB302-Ass2-GroupXX
|\  
| * ab30cc6 GUI Design
* | 34bf27c A.1 Objects
|/  
* 81a2158 testing
* 95f46e4 Added Java Project
* ff13fd1 Remove Test File
* 7e0b6cf Test File
* de672a9 Start
commit 5108cd76c0da08e8f977712ec5343b7467791952
Author: Yasutsuna <zhi.choon96@gmail.com>
Date:   Sun May 27 16:17:56 2018 +1000

    JavaDoc update

 76 files changed, 1600 insertions(+), 271 deletions(-)

commit d4b9edc252af0e251d2a181520371bca481aee1a
Author: Yasutsuna <zhi.choon96@gmail.com>
Date:   Sun May 27 15:16:08 2018 +1000

    Manifest update for Report and Test Cases

 2 files changed, 0 insertions(+), 0 deletions(-)

commit a2e3d8fdefdf0bcaebf2b9df0bce84c69abfef72
Author: jeffrey0528 <jeffrey0528@users.noreply.github.com>
Date:   Sun May 27 13:16:32 2018 +1000

    export function update

 1 file changed, 20 insertions(+), 8 deletions(-)

commit ccee8c67eb6bf7713764656f90f7111176006db5
Author: jeffrey0528 <jeffrey0528@users.noreply.github.com>
Date:   Sun May 27 13:06:15 2018 +1000

    Junit test

 3 files changed, 398 insertions(+)

commit ae7abbda0f17efb8451c8536265aaa19f020a93c
Author: Yasutsuna <zhi.choon96@gmail.com>
Date:   Sun May 27 12:43:26 2018 +1000

    Stock and Manifest Test Case

 2 files changed, 205 insertions(+)

commit 65a1d5f63aaf74700e0cf4a11581416f25346dc4
Author: Yasutsuna <zhi.choon96@gmail.com>
Date:   Sun May 27 00:08:29 2018 +1000

    Exception inclusion (Missed during initial update)

 2 files changed, 2 insertions(+), 2 deletions(-)

commit f2c9805ea9b803379eb3e7f7a3a9f77de06ad760
Author: Yasutsuna <zhi.choon96@gmail.com>
Date:   Sun May 27 00:07:49 2018 +1000

    Report update

 1 file changed, 0 insertions(+), 0 deletions(-)

commit 165dcca4d6435a335a41010b2657239888b748c5
Author: Yasutsuna <zhi.choon96@gmail.com>
Date:   Sun May 27 00:07:42 2018 +1000

    Exception inlclusion

 3 files changed, 18 insertions(+), 5 deletions(-)

commit 687467b754c6fc834b720b1cb09553355ab70fad
Author: Yasutsuna <zhi.choon96@gmail.com>
Date:   Sun May 27 00:06:57 2018 +1000

    Delete unused files

 7 files changed, 151 deletions(-)

commit f46bf5c094347fbf310d53d2803867fb9537f7c6
Author: Yasutsuna <zhi.choon96@gmail.com>
Date:   Sat May 26 17:42:45 2018 +1000

    JUnit test files

 6 files changed, 194 insertions(+)

commit 6248d986118bffb703a0ef3b8bdc3975ec9bbed5
Author: Yasutsuna <zhi.choon96@gmail.com>
Date:   Sat May 26 17:41:57 2018 +1000

    Test files for manual test cases

 2 files changed, 2 insertions(+)

commit 8f8d2c727717b7f0ae3ef8e9208301d8d6c21624
Author: Yasutsuna <zhi.choon96@gmail.com>
Date:   Sat May 26 17:41:41 2018 +1000

    Update for JavaDoc

 9 files changed, 206 insertions(+), 31 deletions(-)

commit 0dc310c9050ab1e448eebb58fd398bb240367427
Author: Yasutsuna <zhi.choon96@gmail.com>
Date:   Sat May 26 17:40:53 2018 +1000

    HTML for Javadoc

 50 files changed, 11838 insertions(+)

commit 8e7392dcd783b9d5579dbe2a0bcafbf54e61dc29
Author: Yasutsuna <zhi.choon96@gmail.com>
Date:   Sat May 26 17:39:14 2018 +1000

    Exception Files

 3 files changed, 273 insertions(+)

commit 9c8c2d97938642450b8594eeb5e2eee1a8cd66fc
Author: Yasutsuna <zhi.choon96@gmail.com>
Date:   Sat May 26 17:38:57 2018 +1000

    Reports and Manual Test Case

 4 files changed, 0 insertions(+), 0 deletions(-)

commit 72073dc90b27f37cccd205707ee382280f94d94c
Author: Yasutsuna <zhi.choon96@gmail.com>
Date:   Sat May 26 17:38:17 2018 +1000

    JavaDoc update

 25 files changed, 3671 insertions(+)

commit 781a944e707d61fd5f94c3a4831f3b664e0e19b6
Author: Yasutsuna <zhi.choon96@gmail.com>
Date:   Sat May 26 13:52:35 2018 +1000

    GUI Exception Update

 1 file changed, 12 insertions(+), 4 deletions(-)

commit b2c321b74f2db23d224f6b69628d53b964f980ad
Author: jeffrey0528 <jeffrey0528@users.noreply.github.com>
Date:   Fri May 25 20:43:45 2018 +1000

    adjust something of truck

 6 files changed, 41 insertions(+), 43 deletions(-)

commit 34783329c36ab53e46ca0acace7e2eb512944fd4
Author: jeffrey0528 <jeffrey0528@users.noreply.github.com>
Date:   Fri May 25 18:13:02 2018 +1000

    truck calculation updated

 3 files changed, 12 insertions(+), 9 deletions(-)

commit f5b1184170ece3b26535a8c980052f320739dd1e
Merge: 72d9fdc 52ab718
Author: jeffrey0528 <jeffrey0528@users.noreply.github.com>
Date:   Fri May 25 16:51:30 2018 +1000

    Merge branch 'master' of https://github.com/Yasutsuna/CAB302-Ass2-GroupXX

commit 72d9fdcee3c4940b47f741ce15c100240dceaaef
Author: jeffrey0528 <jeffrey0528@users.noreply.github.com>
Date:   Fri May 25 16:51:25 2018 +1000

    Truck function Update

 5 files changed, 142 insertions(+), 76 deletions(-)

commit 52ab7184f0e6dd386abfff5ade3f1010cf122198
Author: Yasutsuna <zhi.choon96@gmail.com>
Date:   Fri May 25 15:40:17 2018 +1000

    JavaDoc

 4 files changed, 189 insertions(+), 2 deletions(-)

commit 94b2d296a5e38a8d60b6d7161a11f7169064862e
Author: jeffrey0528 <jeffrey0528@users.noreply.github.com>
Date:   Fri May 25 05:40:06 2018 +1000

    Tabular's quantity data fixed

 6 files changed, 161 insertions(+), 38 deletions(-)

commit ae272bb0da26a37796774785094d8778aad2a14c
Author: Yasutsuna <zhi.choon96@gmail.com>
Date:   Thu May 24 22:14:25 2018 +1000

    Exceptions

 3 files changed, 18 insertions(+), 3 deletions(-)

commit d20bb626d2d3128b0f88d877f0cc545cf19ada3c
Author: jeffrey0528 <jeffrey0528@users.noreply.github.com>
Date:   Thu May 24 19:25:44 2018 +1000

    Cleaning up unuse stuff

 6 files changed, 14 insertions(+), 327 deletions(-)

commit 7e03e28b190e2abe129a0718e1cf61802d7aac7e
Author: jeffrey0528 <jeffrey0528@users.noreply.github.com>
Date:   Thu May 24 19:07:51 2018 +1000

    Truck Rewrite the structure

 7 files changed, 200 insertions(+), 214 deletions(-)

commit 3713b9cdb79a3c5e73b47371db3c1b530c6b64e4
Author: jeffrey0528 <jeffrey0528@users.noreply.github.com>
Date:   Thu May 24 15:52:41 2018 +1000

    comment added & cleaning up

 5 files changed, 121 insertions(+), 126 deletions(-)

commit e828cc4bdc71407660b3d3b00252694d59392bdc
Author: Yasutsuna <zhi.choon96@gmail.com>
Date:   Thu May 24 14:05:26 2018 +1000

    Truck Update

 3 files changed, 56 insertions(+), 61 deletions(-)

commit befb3dedd2e0b79a6365a0cdc44974924872861b
Author: Yasutsuna <zhi.choon96@gmail.com>
Date:   Thu May 24 13:01:15 2018 +1000

    Exception

 3 files changed, 12 insertions(+), 5 deletions(-)

commit 22ae41f52fc83e49d987ed34c4b81bc796bff9c0
Author: Yasutsuna <zhi.choon96@gmail.com>
Date:   Thu May 24 13:00:54 2018 +1000

    Truck + Refrigerated Truck update

 2 files changed, 16 insertions(+), 5 deletions(-)

commit 2ec2e897c65be043bd8e5263ff78458cb22ed46b
Author: jeffrey0528 <jeffrey0528@users.noreply.github.com>
Date:   Thu May 24 12:58:45 2018 +1000

    truck initialized

 2 files changed, 14 insertions(+), 2 deletions(-)

commit 553317fbab8a8d4549eea84defed0fcb5dbbe514
Author: jeffrey0528 <jeffrey0528@users.noreply.github.com>
Date:   Thu May 24 12:40:53 2018 +1000

    Bug Fixed

 3 files changed, 43 insertions(+), 42 deletions(-)

commit 57be76009ffedf6a1a1661c3adb7a085250eb032
Author: jeffrey0528 <jeffrey0528@users.noreply.github.com>
Date:   Thu May 24 02:05:08 2018 +1000

    Stock calculation update

 3 files changed, 62 insertions(+), 37 deletions(-)

commit 0dc1e6cbb30f8976a0684eacaa9547697c596999
Author: jeffrey0528 <jeffrey0528@users.noreply.github.com>
Date:   Thu May 24 00:46:07 2018 +1000

    Changing tabular format to display Store Inventory

 4 files changed, 53 insertions(+), 110 deletions(-)

commit 45c0fc8a746ece9cb6b8430551c310403707ff10
Author: Yasutsuna <zhi.choon96@gmail.com>
Date:   Wed May 23 16:38:19 2018 +1000

    Truck update

 3 files changed, 14 insertions(+), 6 deletions(-)

commit 7e6e37384d0d61c82253cceb624681a6a8ca5dfe
Author: jeffrey0528 <jeffrey0528@users.noreply.github.com>
Date:   Wed May 23 16:37:45 2018 +1000

    force updated

 1 file changed, 1 insertion(+), 1 deletion(-)

commit bb2a9b6aaaeaed1f4af95255060de253b883a1e3
Author: jeffrey0528 <jeffrey0528@users.noreply.github.com>
Date:   Wed May 23 16:19:07 2018 +1000

    stock update(almost done)

 2 files changed, 138 insertions(+), 23 deletions(-)

commit 6a6fe95437c9992a8b2ba6c1e742c49902fd184f
Author: jeffrey0528 <jeffrey0528@users.noreply.github.com>
Date:   Wed May 23 16:18:42 2018 +1000

    saleslog box pass value update

 2 files changed, 22 insertions(+), 70 deletions(-)

commit 73fb8cc91284b65bc556b2756bdfeb83d405a2a0
Author: Yasutsuna <zhi.choon96@gmail.com>
Date:   Wed May 23 15:26:23 2018 +1000

    Abstract Class Truck and subclass

 3 files changed, 164 insertions(+), 13 deletions(-)

commit 35b321b3f44e73aa39ae26e6ebf2c0df450592c6
Author: jeffrey0528 <jeffrey0528@users.noreply.github.com>
Date:   Wed May 23 13:07:06 2018 +1000

    Stock class create

 5 files changed, 87 insertions(+), 58 deletions(-)

commit c57c0e6ba8722769a846abba95678565d7bf3361
Author: jeffrey0528 <jeffrey0528@users.noreply.github.com>
Date:   Tue May 22 17:53:42 2018 +1000

    Store function update

 2 files changed, 25 insertions(+), 9 deletions(-)

commit 105924827990b431982b3f356f99f581a734f18e
Author: jeffrey0528 <jeffrey0528@users.noreply.github.com>
Date:   Tue May 22 17:30:48 2018 +1000

    update

 2 files changed, 2 insertions(+), 3 deletions(-)

commit 9f3c9a2849e60a37c20878c50cedadeb8b57b1b2
Author: Yasutsuna <zhi.choon96@gmail.com>
Date:   Tue May 22 17:28:18 2018 +1000

    Store update

 1 file changed, 4 insertions(+), 4 deletions(-)

commit a2aa555e1980c46e577911789267782574de66ee
Author: Yasutsuna <zhi.choon96@gmail.com>
Date:   Tue May 22 17:16:43 2018 +1000

    Store

 1 file changed, 9 insertions(+), 7 deletions(-)

commit ce2024810e1be9dde2eff00d9ad3f9e849f3932f
Author: jeffrey0528 <jeffrey0528@users.noreply.github.com>
Date:   Tue May 22 17:13:12 2018 +1000

    Sales action created

 6 files changed, 124 insertions(+), 67 deletions(-)

commit c3577dc3b48ba9564df7c79a0e8bfb7e41656698
Author: Yasutsuna <zhi.choon96@gmail.com>
Date:   Tue May 22 17:03:29 2018 +1000

    Stock + Store

 2 files changed, 45 insertions(+), 7 deletions(-)

commit a3188e54160bcdb2eab21421afff4b4acba22438
Author: Yasutsuna <zhi.choon96@gmail.com>
Date:   Tue May 22 13:24:12 2018 +1000

    Back-End Update

 7 files changed, 133 insertions(+), 52 deletions(-)

commit cd61a87de4b390d1c527861aaf1e24dfd3f537d6
Author: jeffrey0528 <jeffrey0528@users.noreply.github.com>
Date:   Tue May 22 13:15:27 2018 +1000

    create Sales log selection in GUI

 2 files changed, 160 insertions(+), 13 deletions(-)

commit 840c61ca7acfa6e62bf37132b964108d1c9b1ba0
Author: jeffrey0528 <jeffrey0528@users.noreply.github.com>
Date:   Tue May 22 13:14:48 2018 +1000

    reading the csv file correction

 2 files changed, 19 insertions(+), 9 deletions(-)

commit 60ca0cab74c5ee7e484378ac22d6319a74a76a0a
Author: jeffrey0528 <jeffrey0528@users.noreply.github.com>
Date:   Mon May 21 15:09:21 2018 +1000

    OOP concept coding update

 1 file changed, 14 insertions(+), 10 deletions(-)

commit a36696ff9d96712019ffed68f162ca8950093c46
Author: jeffrey0528 <jeffrey0528@users.noreply.github.com>
Date:   Sat May 19 21:45:38 2018 +1000

    Update the GUI display function

 3 files changed, 96 insertions(+), 17 deletions(-)

commit 2dd014356a34508ad66606f58c023611ce0bf1df
Merge: 79e6730 5f6a94c
Author: jeffrey0528 <jeffrey0528@users.noreply.github.com>
Date:   Wed May 16 22:32:00 2018 +1000

    Merge branch 'master' of https://github.com/Yasutsuna/CAB302-Ass2-GroupXX

commit 79e6730ddb6ad966c648e4451e8ebeb71af937f7
Author: jeffrey0528 <jeffrey0528@users.noreply.github.com>
Date:   Wed May 16 22:31:56 2018 +1000

    Updated GUI and parsing the csv data into java

 8 files changed, 284 insertions(+), 61 deletions(-)

commit 5f6a94cb716a757e2b95424b6a3fc0becd44f9f1
Author: Yasutsuna <zhi.choon96@gmail.com>
Date:   Fri May 11 23:55:30 2018 +1000

    Reverted Test

 2 files changed, 33 insertions(+), 30 deletions(-)

commit 15ce5b022f05ece2f31e853390abcf04c74dfdd7
Author: Yasutsuna <zhi.choon96@gmail.com>
Date:   Fri May 11 23:52:53 2018 +1000

    CSVReader

 2 files changed, 54 insertions(+)

commit 9095cdf06b991db4640ddd111d9e5a4d23e77438
Author: Yasutsuna <zhi.choon96@gmail.com>
Date:   Fri May 11 12:33:27 2018 +1000

    Reverted Truck
    
    Missed some errors in Truck.java and reverted to previous version.

 1 file changed, 2 insertions(+), 10 deletions(-)

commit 34c41afd892bd7893a60efd9a9189f7e4747d39f
Author: Yasutsuna <zhi.choon96@gmail.com>
Date:   Fri May 11 12:31:26 2018 +1000

    Continuation of Trucks and Stores

 4 files changed, 52 insertions(+), 12 deletions(-)

commit ae090b356fc165d80ff78b52117216197bb9912e
Merge: 34bf27c ab30cc6
Author: Yasutsuna <zhi.choon96@gmail.com>
Date:   Wed May 2 14:26:24 2018 +1000

    Merge branch 'master' of https://github.com/Yasutsuna/CAB302-Ass2-GroupXX

commit 34bf27ccf214c559c248d92daccd81f14c7935aa
Author: Yasutsuna <zhi.choon96@gmail.com>
Date:   Wed May 2 14:26:15 2018 +1000

    A.1 Objects
    
    Includes Item, Truck, Stock, Manifest, Store

 7 files changed, 148 insertions(+)

commit ab30cc6c2df2a0d1a7b1055a1ba05f5f7e838166
Author: jeffrey0528 <jeffrey0528@users.noreply.github.com>
Date:   Wed May 2 14:18:02 2018 +1000

    GUI Design
    
    Created GUI Design page

 1 file changed, 142 insertions(+), 2 deletions(-)

commit 81a2158a4cfba401a8c1506f4201ff92b71274bd
Author: jeffrey0528 <jeffrey0528@users.noreply.github.com>
Date:   Thu Apr 26 16:22:49 2018 +1000

    testing
    
    testing upload

 1 file changed, 4 insertions(+)

commit 95f46e4effe820952a44b35c95de523551db07d9
Author: Yasutsuna <zhi.choon96@gmail.com>
Date:   Thu Apr 26 14:20:23 2018 +1000

    Added Java Project

 5 files changed, 40 insertions(+)

commit ff13fd1c6f4ad6f6516cba2b54c468e3a1fa4aba
Author: Yasutsuna <zhi.choon96@gmail.com>
Date:   Wed Apr 25 19:33:31 2018 +1000

    Remove Test File

 1 file changed, 0 insertions(+), 0 deletions(-)

commit 7e0b6cf7a159fadf1b15fb10e31854433100beaa
Author: Yasutsuna <zhi.choon96@gmail.com>
Date:   Wed Apr 25 19:31:20 2018 +1000

    Test File

 1 file changed, 0 insertions(+), 0 deletions(-)

commit de672a98e254daadfd9c2ce430a47f4c06c1138f
Author: Yasutsuna <zhi.choon96@gmail.com>
Date:   Wed Apr 25 19:26:58 2018 +1000

    Start

 8 files changed, 157 insertions(+)
